# JRE version: OpenJDK Runtime Environment Temurin-21.0.10+7 (21.0.10+7) (build 21.0.10+7-LTS)
# Java VM: OpenJDK 64-Bit Server VM Temurin-21.0.10+7 (21.0.10+7-LTS, mixed mode, sharing, tiered, compressed oops, compressed class ptrs, parallel gc, windows-amd64)
GC Precious Log:
 CardTable entry size: 512
 CPUs: 8 total, 8 available
 Memory: 7876M
 Large Page Support: Disabled
 NUMA Support: Disabled
 Compressed Oops: Enabled (32-bit)
 Alignments: Space 512K, Generation 512K, Heap 2M
 Heap Min Capacity: 100M
 Heap Initial Capacity: 100M
 Heap Max Capacity: 2G
 Pre-touch: Disabled
 Parallel Workers: 8
Heap:
 PSYoungGen      total 12288K, used 11968K [0x00000000d5580000, 0x00000000d6300000, 0x0000000100000000)
  eden space 10752K, 100% used [0x00000000d5580000,0x00000000d6000000,0x00000000d6000000)
  from space 1536K, 79% used [0x00000000d6180000,0x00000000d62b0000,0x00000000d6300000)
  to   space 1536K, 0% used [0x00000000d6000000,0x00000000d6000000,0x00000000d6180000)
 ParOldGen       total 527872K, used 527439K [0x0000000080000000, 0x00000000a0380000, 0x00000000d5580000)
  object space 527872K, 99% used [0x0000000080000000,0x00000000a0313c70,0x00000000a0380000)
 Metaspace       used 78112K, committed 79680K, reserved 1179648K
  class space    used 7991K, committed 8704K, reserved 1048576K
GC Heap History (20 events):
Event: 213.285 GC heap before
{Heap before GC invocations=1245 (full 4):
 PSYoungGen      total 8192K, used 8172K [0x00000000d5580000, 0x00000000d6380000, 0x0000000100000000)
  eden space 7168K, 100% used [0x00000000d5580000,0x00000000d5c80000,0x00000000d5c80000)
  from space 1024K, 98% used [0x00000000d5e80000,0x00000000d5f7b008,0x00000000d5f80000)
  to   space 2048K, 0% used [0x00000000d5c80000,0x00000000d5c80000,0x00000000d5e80000)
 ParOldGen       total 521216K, used 518160K [0x0000000080000000, 0x000000009fd00000, 0x00000000d5580000)
  object space 521216K, 99% used [0x0000000080000000,0x000000009fa04050,0x000000009fd00000)
 Metaspace       used 78112K, committed 79680K, reserved 1179648K
  class space    used 7991K, committed 8704K, reserved 1048576K
}
Event: 213.295 GC heap after
{Heap after GC invocations=1245 (full 4):
 PSYoungGen      total 9216K, used 848K [0x00000000d5580000, 0x00000000d6100000, 0x0000000100000000)
  eden space 7168K, 0% used [0x00000000d5580000,0x00000000d5580000,0x00000000d5c80000)
  from space 2048K, 41% used [0x00000000d5c80000,0x00000000d5d54010,0x00000000d5e80000)
  to   space 1536K, 0% used [0x00000000d5f80000,0x00000000d5f80000,0x00000000d6100000)
 ParOldGen       total 521216K, used 519084K [0x0000000080000000, 0x000000009fd00000, 0x00000000d5580000)
  object space 521216K, 99% used [0x0000000080000000,0x000000009faeb058,0x000000009fd00000)
 Metaspace       used 78112K, committed 79680K, reserved 1179648K
  class space    used 7991K, committed 8704K, reserved 1048576K
}
Event: 213.304 GC heap before
{Heap before GC invocations=1246 (full 4):
 PSYoungGen      total 9216K, used 8016K [0x00000000d5580000, 0x00000000d6100000, 0x0000000100000000)
  eden space 7168K, 100% used [0x00000000d5580000,0x00000000d5c80000,0x00000000d5c80000)
  from space 2048K, 41% used [0x00000000d5c80000,0x00000000d5d54010,0x00000000d5e80000)
  to   space 1536K, 0% used [0x00000000d5f80000,0x00000000d5f80000,0x00000000d6100000)
 ParOldGen       total 521216K, used 519084K [0x0000000080000000, 0x000000009fd00000, 0x00000000d5580000)
  object space 521216K, 99% used [0x0000000080000000,0x000000009faeb058,0x000000009fd00000)
 Metaspace       used 78112K, committed 79680K, reserved 1179648K
  class space    used 7991K, committed 8704K, reserved 1048576K
}
Event: 213.316 GC heap after
{Heap after GC invocations=1246 (full 4):
 PSYoungGen      total 9728K, used 736K [0x00000000d5580000, 0x00000000d6080000, 0x0000000100000000)
  eden space 8704K, 0% used [0x00000000d5580000,0x00000000d5580000,0x00000000d5e00000)
  from space 1024K, 71% used [0x00000000d5f80000,0x00000000d6038000,0x00000000d6080000)
  to   space 1024K, 0% used [0x00000000d5e80000,0x00000000d5e80000,0x00000000d5f80000)
 ParOldGen       total 521216K, used 519812K [0x0000000080000000, 0x000000009fd00000, 0x00000000d5580000)
  object space 521216K, 99% used [0x0000000080000000,0x000000009fba1058,0x000000009fd00000)
 Metaspace       used 78112K, committed 79680K, reserved 1179648K
  class space    used 7991K, committed 8704K, reserved 1048576K
}
Event: 213.328 GC heap before
{Heap before GC invocations=1247 (full 4):
 PSYoungGen      total 9728K, used 9440K [0x00000000d5580000, 0x00000000d6080000, 0x0000000100000000)
  eden space 8704K, 100% used [0x00000000d5580000,0x00000000d5e00000,0x00000000d5e00000)
  from space 1024K, 71% used [0x00000000d5f80000,0x00000000d6038000,0x00000000d6080000)
  to   space 1024K, 0% used [0x00000000d5e80000,0x00000000d5e80000,0x00000000d5f80000)
 ParOldGen       total 521216K, used 519812K [0x0000000080000000, 0x000000009fd00000, 0x00000000d5580000)
  object space 521216K, 99% used [0x0000000080000000,0x000000009fba1058,0x000000009fd00000)
 Metaspace       used 78112K, committed 79680K, reserved 1179648K
  class space    used 7991K, committed 8704K, reserved 1048576K
}
Event: 213.329 GC heap after
{Heap after GC invocations=1247 (full 4):
 PSYoungGen      total 10240K, used 800K [0x00000000d5580000, 0x00000000d6200000, 0x0000000100000000)
  eden space 9216K, 0% used [0x00000000d5580000,0x00000000d5580000,0x00000000d5e80000)
  from space 1024K, 78% used [0x00000000d5e80000,0x00000000d5f48000,0x00000000d5f80000)
  to   space 1024K, 0% used [0x00000000d6100000,0x00000000d6100000,0x00000000d6200000)
 ParOldGen       total 521216K, used 520468K [0x0000000080000000, 0x000000009fd00000, 0x00000000d5580000)
  object space 521216K, 99% used [0x0000000080000000,0x000000009fc45058,0x000000009fd00000)
 Metaspace       used 78112K, committed 79680K, reserved 1179648K
  class space    used 7991K, committed 8704K, reserved 1048576K
}
Event: 213.342 GC heap before
{Heap before GC invocations=1248 (full 4):
 PSYoungGen      total 10240K, used 10016K [0x00000000d5580000, 0x00000000d6200000, 0x0000000100000000)
  eden space 9216K, 100% used [0x00000000d5580000,0x00000000d5e80000,0x00000000d5e80000)
  from space 1024K, 78% used [0x00000000d5e80000,0x00000000d5f48000,0x00000000d5f80000)
  to   space 1024K, 0% used [0x00000000d6100000,0x00000000d6100000,0x00000000d6200000)
 ParOldGen       total 521216K, used 520468K [0x0000000080000000, 0x000000009fd00000, 0x00000000d5580000)
  object space 521216K, 99% used [0x0000000080000000,0x000000009fc45058,0x000000009fd00000)
 Metaspace       used 78112K, committed 79680K, reserved 1179648K
  class space    used 7991K, committed 8704K, reserved 1048576K
}
Event: 213.348 GC heap after
{Heap after GC invocations=1248 (full 4):
 PSYoungGen      total 11264K, used 992K [0x00000000d5580000, 0x00000000d6380000, 0x0000000100000000)
  eden space 10240K, 0% used [0x00000000d5580000,0x00000000d5580000,0x00000000d5f80000)
  from space 1024K, 96% used [0x00000000d6100000,0x00000000d61f8000,0x00000000d6200000)
  to   space 1536K, 0% used [0x00000000d5f80000,0x00000000d5f80000,0x00000000d6100000)
 ParOldGen       total 521216K, used 521180K [0x0000000080000000, 0x000000009fd00000, 0x00000000d5580000)
  object space 521216K, 99% used [0x0000000080000000,0x000000009fcf7058,0x000000009fd00000)
 Metaspace       used 78112K, committed 79680K, reserved 1179648K
  class space    used 7991K, committed 8704K, reserved 1048576K
}
Event: 213.367 GC heap before
{Heap before GC invocations=1249 (full 4):
 PSYoungGen      total 11264K, used 11232K [0x00000000d5580000, 0x00000000d6380000, 0x0000000100000000)
  eden space 10240K, 100% used [0x00000000d5580000,0x00000000d5f80000,0x00000000d5f80000)
  from space 1024K, 96% used [0x00000000d6100000,0x00000000d61f8000,0x00000000d6200000)
  to   space 1536K, 0% used [0x00000000d5f80000,0x00000000d5f80000,0x00000000d6100000)
 ParOldGen       total 521216K, used 521180K [0x0000000080000000, 0x000000009fd00000, 0x00000000d5580000)
  object space 521216K, 99% used [0x0000000080000000,0x000000009fcf7058,0x000000009fd00000)
 Metaspace       used 78112K, committed 79680K, reserved 1179648K
  class space    used 7991K, committed 8704K, reserved 1048576K
}
Event: 213.369 GC heap after
{Heap after GC invocations=1249 (full 4):
 PSYoungGen      total 11776K, used 992K [0x00000000d5580000, 0x00000000d6380000, 0x0000000100000000)
  eden space 10240K, 0% used [0x00000000d5580000,0x00000000d5580000,0x00000000d5f80000)
  from space 1536K, 64% used [0x00000000d5f80000,0x00000000d6078000,0x00000000d6100000)
  to   space 1024K, 0% used [0x00000000d6280000,0x00000000d6280000,0x00000000d6380000)
 ParOldGen       total 522240K, used 522084K [0x0000000080000000, 0x000000009fe00000, 0x00000000d5580000)
  object space 522240K, 99% used [0x0000000080000000,0x000000009fdd9058,0x000000009fe00000)
 Metaspace       used 78112K, committed 79680K, reserved 1179648K
  class space    used 7991K, committed 8704K, reserved 1048576K
}
Event: 213.389 GC heap before
{Heap before GC invocations=1250 (full 4):
 PSYoungGen      total 11776K, used 11232K [0x00000000d5580000, 0x00000000d6380000, 0x0000000100000000)
  eden space 10240K, 100% used [0x00000000d5580000,0x00000000d5f80000,0x00000000d5f80000)
  from space 1536K, 64% used [0x00000000d5f80000,0x00000000d6078000,0x00000000d6100000)
  to   space 1024K, 0% used [0x00000000d6280000,0x00000000d6280000,0x00000000d6380000)
 ParOldGen       total 522240K, used 522084K [0x0000000080000000, 0x000000009fe00000, 0x00000000d5580000)
  object space 522240K, 99% used [0x0000000080000000,0x000000009fdd9058,0x000000009fe00000)
 Metaspace       used 78112K, committed 79680K, reserved 1179648K
  class space    used 7991K, committed 8704K, reserved 1048576K
}
Event: 213.393 GC heap after
{Heap after GC invocations=1250 (full 4):
 PSYoungGen      total 11776K, used 1016K [0x00000000d5580000, 0x00000000d6680000, 0x0000000100000000)
  eden space 10752K, 0% used [0x00000000d5580000,0x00000000d5580000,0x00000000d6000000)
  from space 1024K, 99% used [0x00000000d6280000,0x00000000d637e008,0x00000000d6380000)
  to   space 2560K, 0% used [0x00000000d6000000,0x00000000d6000000,0x00000000d6280000)
 ParOldGen       total 523264K, used 523164K [0x0000000080000000, 0x000000009ff00000, 0x00000000d5580000)
  object space 523264K, 99% used [0x0000000080000000,0x000000009fee7058,0x000000009ff00000)
 Metaspace       used 78112K, committed 79680K, reserved 1179648K
  class space    used 7991K, committed 8704K, reserved 1048576K
}
Event: 213.418 GC heap before
{Heap before GC invocations=1251 (full 4):
 PSYoungGen      total 11776K, used 11758K [0x00000000d5580000, 0x00000000d6680000, 0x0000000100000000)
  eden space 10752K, 99% used [0x00000000d5580000,0x00000000d5ffd830,0x00000000d6000000)
  from space 1024K, 99% used [0x00000000d6280000,0x00000000d637e008,0x00000000d6380000)
  to   space 2560K, 0% used [0x00000000d6000000,0x00000000d6000000,0x00000000d6280000)
 ParOldGen       total 523264K, used 523164K [0x0000000080000000, 0x000000009ff00000, 0x00000000d5580000)
  object space 523264K, 99% used [0x0000000080000000,0x000000009fee7058,0x000000009ff00000)
 Metaspace       used 78112K, committed 79680K, reserved 1179648K
  class space    used 7991K, committed 8704K, reserved 1048576K
}
Event: 213.421 GC heap after
{Heap after GC invocations=1251 (full 4):
 PSYoungGen      total 12288K, used 1120K [0x00000000d5580000, 0x00000000d6300000, 0x0000000100000000)
  eden space 10752K, 0% used [0x00000000d5580000,0x00000000d5580000,0x00000000d6000000)
  from space 1536K, 72% used [0x00000000d6000000,0x00000000d6118000,0x00000000d6180000)
  to   space 1536K, 0% used [0x00000000d6180000,0x00000000d6180000,0x00000000d6300000)
 ParOldGen       total 524288K, used 524191K [0x0000000080000000, 0x00000000a0000000, 0x00000000d5580000)
  object space 524288K, 99% used [0x0000000080000000,0x000000009ffe7c70,0x00000000a0000000)
 Metaspace       used 78112K, committed 79680K, reserved 1179648K
  class space    used 7991K, committed 8704K, reserved 1048576K
}
Event: 213.460 GC heap before
{Heap before GC invocations=1252 (full 4):
 PSYoungGen      total 12288K, used 11872K [0x00000000d5580000, 0x00000000d6300000, 0x0000000100000000)
  eden space 10752K, 100% used [0x00000000d5580000,0x00000000d6000000,0x00000000d6000000)
  from space 1536K, 72% used [0x00000000d6000000,0x00000000d6118000,0x00000000d6180000)
  to   space 1536K, 0% used [0x00000000d6180000,0x00000000d6180000,0x00000000d6300000)
 ParOldGen       total 524288K, used 524191K [0x0000000080000000, 0x00000000a0000000, 0x00000000d5580000)
  object space 524288K, 99% used [0x0000000080000000,0x000000009ffe7c70,0x00000000a0000000)
 Metaspace       used 78112K, committed 79680K, reserved 1179648K
  class space    used 7991K, committed 8704K, reserved 1048576K
}
Event: 213.467 GC heap after
{Heap after GC invocations=1252 (full 4):
 PSYoungGen      total 12288K, used 1120K [0x00000000d5580000, 0x00000000d6300000, 0x0000000100000000)
  eden space 10752K, 0% used [0x00000000d5580000,0x00000000d5580000,0x00000000d6000000)
  from space 1536K, 72% used [0x00000000d6180000,0x00000000d6298000,0x00000000d6300000)
  to   space 1536K, 0% used [0x00000000d6000000,0x00000000d6000000,0x00000000d6180000)
 ParOldGen       total 525312K, used 525231K [0x0000000080000000, 0x00000000a0100000, 0x00000000d5580000)
  object space 525312K, 99% used [0x0000000080000000,0x00000000a00ebc70,0x00000000a0100000)
 Metaspace       used 78112K, committed 79680K, reserved 1179648K
  class space    used 7991K, committed 8704K, reserved 1048576K
}
Event: 213.489 GC heap before
{Heap before GC invocations=1253 (full 4):
 PSYoungGen      total 12288K, used 11872K [0x00000000d5580000, 0x00000000d6300000, 0x0000000100000000)
  eden space 10752K, 100% used [0x00000000d5580000,0x00000000d6000000,0x00000000d6000000)
  from space 1536K, 72% used [0x00000000d6180000,0x00000000d6298000,0x00000000d6300000)
  to   space 1536K, 0% used [0x00000000d6000000,0x00000000d6000000,0x00000000d6180000)
 ParOldGen       total 525312K, used 525231K [0x0000000080000000, 0x00000000a0100000, 0x00000000d5580000)
  object space 525312K, 99% used [0x0000000080000000,0x00000000a00ebc70,0x00000000a0100000)
 Metaspace       used 78112K, committed 79680K, reserved 1179648K
  class space    used 7991K, committed 8704K, reserved 1048576K
}
Event: 213.493 GC heap after
{Heap after GC invocations=1253 (full 4):
 PSYoungGen      total 12288K, used 1280K [0x00000000d5580000, 0x00000000d6300000, 0x0000000100000000)
  eden space 10752K, 0% used [0x00000000d5580000,0x00000000d5580000,0x00000000d6000000)
  from space 1536K, 83% used [0x00000000d6000000,0x00000000d6140000,0x00000000d6180000)
  to   space 1536K, 0% used [0x00000000d6180000,0x00000000d6180000,0x00000000d6300000)
 ParOldGen       total 526336K, used 526247K [0x0000000080000000, 0x00000000a0200000, 0x00000000d5580000)
  object space 526336K, 99% used [0x0000000080000000,0x00000000a01e9c70,0x00000000a0200000)
 Metaspace       used 78112K, committed 79680K, reserved 1179648K
  class space    used 7991K, committed 8704K, reserved 1048576K
}
Event: 213.529 GC heap before
{Heap before GC invocations=1254 (full 4):
 PSYoungGen      total 12288K, used 12032K [0x00000000d5580000, 0x00000000d6300000, 0x0000000100000000)
  eden space 10752K, 100% used [0x00000000d5580000,0x00000000d6000000,0x00000000d6000000)
  from space 1536K, 83% used [0x00000000d6000000,0x00000000d6140000,0x00000000d6180000)
  to   space 1536K, 0% used [0x00000000d6180000,0x00000000d6180000,0x00000000d6300000)
 ParOldGen       total 526336K, used 526247K [0x0000000080000000, 0x00000000a0200000, 0x00000000d5580000)
  object space 526336K, 99% used [0x0000000080000000,0x00000000a01e9c70,0x00000000a0200000)
 Metaspace       used 78112K, committed 79680K, reserved 1179648K
  class space    used 7991K, committed 8704K, reserved 1048576K
}
Event: 213.533 GC heap after
{Heap after GC invocations=1254 (full 4):
 PSYoungGen      total 12288K, used 1216K [0x00000000d5580000, 0x00000000d6300000, 0x0000000100000000)
  eden space 10752K, 0% used [0x00000000d5580000,0x00000000d5580000,0x00000000d6000000)
  from space 1536K, 79% used [0x00000000d6180000,0x00000000d62b0000,0x00000000d6300000)
  to   space 1536K, 0% used [0x00000000d6000000,0x00000000d6000000,0x00000000d6180000)
 ParOldGen       total 527872K, used 527439K [0x0000000080000000, 0x00000000a0380000, 0x00000000d5580000)
  object space 527872K, 99% used [0x0000000080000000,0x00000000a0313c70,0x00000000a0380000)
 Metaspace       used 78112K, committed 79680K, reserved 1179648K
  class space    used 7991K, committed 8704K, reserved 1048576K
}

